=== Suite started at 2025-11-12 10:05:37
=== Starting test, 6 test cases
=cases         6
=user          rustkas
=host          nohost
=hosts         nohost 
=emulator_vsn  15.2.7.1
=emulator      beam
=otp_release   27
=started       2025-11-12 10:05:37
=case          router_result_consumer_SUITE:init_per_suite
=logfile       router_result_consumer_suite.init_per_suite.html
=started       2025-11-12 10:05:37
=ended         2025-11-12 10:05:37
=result        ok
=elapsed       0.203218s
=case          router_result_consumer_SUITE:test_result_parsing
=logfile       router_result_consumer_suite.test_result_parsing.html
=started       2025-11-12 10:05:37
=ended         2025-11-12 10:05:38
=result        ok
=elapsed       0.515890s
=case          router_result_consumer_SUITE:test_result_correlation
=logfile       router_result_consumer_suite.test_result_correlation.html
=started       2025-11-12 10:05:38
=ended         2025-11-12 10:05:38
=result        ok
=elapsed       0.425166s
=case          router_result_consumer_SUITE:test_usage_emission
=logfile       router_result_consumer_suite.test_usage_emission.html
=started       2025-11-12 10:05:38
=ended         2025-11-12 10:05:39
=result        ok
=elapsed       0.518193s
=case          router_result_consumer_SUITE:test_result_validation
=logfile       router_result_consumer_suite.test_result_validation.html
=started       2025-11-12 10:05:39
=ended         2025-11-12 10:05:39
=result        ok
=elapsed       0.666810s
=case          router_result_consumer_SUITE:test_malformed_json
=logfile       router_result_consumer_suite.test_malformed_json.html
=started       2025-11-12 10:05:40
=ended         2025-11-12 10:05:40
=result        ok
=elapsed       0.614908s
=case          router_result_consumer_SUITE:test_missing_fields
=logfile       router_result_consumer_suite.test_missing_fields.html
=started       2025-11-12 10:05:40
=ended         2025-11-12 10:05:41
=result        ok
=elapsed       0.614315s
=case          router_result_consumer_SUITE:end_per_suite
=logfile       router_result_consumer_suite.end_per_suite.html
=started       2025-11-12 10:05:41
=ended         2025-11-12 10:05:41
=result        ok
=elapsed       0.004463s
=group_time    3.817s
=== TEST COMPLETE, 6 ok, 0 failed of 6 test cases

=finished      2025-11-12 10:05:41
=failed        0
=successful    6
=user_skipped  0
=auto_skipped  0
=elapsed_time  3914186
