=== Suite started at 2025-11-12 09:41:11
=== Starting test, 6 test cases
=cases         6
=user          rustkas
=host          nohost
=hosts         nohost 
=emulator_vsn  15.2.7.1
=emulator      beam
=otp_release   27
=started       2025-11-12 09:41:11
=case          router_result_consumer_SUITE:init_per_suite
=logfile       router_result_consumer_suite.init_per_suite.html
=started       2025-11-12 09:41:11
=ended         2025-11-12 09:41:11
=result        ok
=elapsed       0.115610s
=case          router_result_consumer_SUITE:test_result_parsing
=logfile       router_result_consumer_suite.test_result_parsing.html
=started       2025-11-12 09:41:11
=ended         2025-11-12 09:41:12
=result        ok
=elapsed       0.400054s
=case          router_result_consumer_SUITE:test_result_correlation
=logfile       router_result_consumer_suite.test_result_correlation.html
=started       2025-11-12 09:41:12
=ended         2025-11-12 09:41:13
=result        failed: {timeout,
                           [{meck_proc,wait,6,
                                [{file,
                                     "/home/rustkas/aigroup/apps/otp/router/_build/test/lib/meck/src/meck_proc.erl"},
                                 {line,171}]},
                            {router_result_consumer_SUITE,
                                test_result_correlation,1,
                                [{file,
                                     "/home/rustkas/aigroup/apps/otp/router/test/router_result_consumer_SUITE.erl"},
                                 {line,158}]},
                            {test_server,ts_tc,3,
                                [{file,"test_server.erl"},{line,1794}]},
                            {test_server,run_test_case_eval1,6,
                                [{file,"test_server.erl"},{line,1303}]},
                            {test_server,run_test_case_eval,9,
                                [{file,"test_server.erl"},{line,1235}]}]}, [{meck_proc,
                                                                             wait,
                                                                             171},
                                                                            {router_result_consumer_SUITE,
                                                                             test_result_correlation,
                                                                             158},
                                                                            {test_server,
                                                                             ts_tc,
                                                                             1794},
                                                                            {test_server,
                                                                             run_test_case_eval1,
                                                                             1303},
                                                                            {test_server,
                                                                             run_test_case_eval,
                                                                             1235}]
=elapsed       1.243997s
=== *** FAILED test case 2 of 6 ***
=case          router_result_consumer_SUITE:test_usage_emission
=logfile       router_result_consumer_suite.test_usage_emission.html
=started       2025-11-12 09:41:13
=ended         2025-11-12 09:41:13
=result        ok
=elapsed       0.384137s
=case          router_result_consumer_SUITE:test_result_validation
=logfile       router_result_consumer_suite.test_result_validation.html
=started       2025-11-12 09:41:13
=ended         2025-11-12 09:41:14
=result        ok
=elapsed       0.469027s
=case          router_result_consumer_SUITE:test_malformed_json
=logfile       router_result_consumer_suite.test_malformed_json.html
=started       2025-11-12 09:41:14
=ended         2025-11-12 09:41:14
=result        ok
=elapsed       0.503514s
=case          router_result_consumer_SUITE:test_missing_fields
=logfile       router_result_consumer_suite.test_missing_fields.html
=started       2025-11-12 09:41:14
=ended         2025-11-12 09:41:15
=result        ok
=elapsed       0.486718s
=case          router_result_consumer_SUITE:end_per_suite
=logfile       router_result_consumer_suite.end_per_suite.html
=started       2025-11-12 09:41:15
=ended         2025-11-12 09:41:15
=result        ok
=elapsed       0.002032s
=group_time    3.863s
=== TEST COMPLETE, 5 ok, 1 failed of 6 test cases

=finished      2025-11-12 09:41:15
=failed        1
=successful    5
=user_skipped  0
=auto_skipped  0
=elapsed_time  3940827
