=== Suite started at 2025-11-12 09:21:41
=== Starting test, 4 test cases
=cases         4
=user          rustkas
=host          nohost
=hosts         nohost 
=emulator_vsn  15.2.7.1
=emulator      beam
=otp_release   27
=started       2025-11-12 09:21:41
=case          router_policy_store_prop_SUITE:init_per_suite
=logfile       router_policy_store_prop_suite.init_per_suite.html
=started       2025-11-12 09:21:41
=ended         2025-11-12 09:21:41
=result        ok
=elapsed       0.334959s
=== 
=case          router_policy_store_prop_SUITE:prop_concurrent_operations
=started       2025-11-12 09:21:41
=result        auto_skipped: init_per_suite bad return value
=== *** Skipping test case #1 {router_policy_store_prop_SUITE,prop_concurrent_operations} ***
=== 
=case          router_policy_store_prop_SUITE:prop_upsert_delete_consistency
=started       2025-11-12 09:21:41
=result        auto_skipped: init_per_suite bad return value
=== *** Skipping test case #2 {router_policy_store_prop_SUITE,prop_upsert_delete_consistency} ***
=== 
=case          router_policy_store_prop_SUITE:prop_list_policies_ordering
=started       2025-11-12 09:21:41
=result        auto_skipped: init_per_suite bad return value
=== *** Skipping test case #3 {router_policy_store_prop_SUITE,prop_list_policies_ordering} ***
=== 
=case          router_policy_store_prop_SUITE:prop_index_consistency
=started       2025-11-12 09:21:41
=result        auto_skipped: init_per_suite bad return value
=== *** Skipping test case #4 {router_policy_store_prop_SUITE,prop_index_consistency} ***
=== 
=case          router_policy_store_prop_SUITE:end_per_suite
=started       2025-11-12 09:21:41
=result        auto_skipped: init_per_suite bad return value
=== *** Skipping {router_policy_store_prop_SUITE,end_per_suite} ***
=== TEST COMPLETE, 0 ok, 0 failed, 4 skipped of 4 test cases

=finished      2025-11-12 09:21:41
=failed        0
=successful    0
=user_skipped  0
=auto_skipped  4
=elapsed_time  412591
