=== Suite started at 2025-11-12 10:05:57
=== Starting test, 6 test cases
=cases         6
=user          rustkas
=host          nohost
=hosts         nohost 
=emulator_vsn  15.2.7.1
=emulator      beam
=otp_release   27
=started       2025-11-12 10:05:57
=case          router_result_consumer_SUITE:init_per_suite
=logfile       router_result_consumer_suite.init_per_suite.html
=started       2025-11-12 10:05:58
=ended         2025-11-12 10:05:58
=result        ok
=elapsed       0.186892s
=case          router_result_consumer_SUITE:test_result_parsing
=logfile       router_result_consumer_suite.test_result_parsing.html
=started       2025-11-12 10:05:58
=ended         2025-11-12 10:05:58
=result        ok
=elapsed       0.601054s
=case          router_result_consumer_SUITE:test_result_correlation
=logfile       router_result_consumer_suite.test_result_correlation.html
=started       2025-11-12 10:05:58
=ended         2025-11-12 10:05:59
=result        ok
=elapsed       0.608478s
=case          router_result_consumer_SUITE:test_usage_emission
=logfile       router_result_consumer_suite.test_usage_emission.html
=started       2025-11-12 10:05:59
=ended         2025-11-12 10:06:00
=result        ok
=elapsed       0.521639s
=case          router_result_consumer_SUITE:test_result_validation
=logfile       router_result_consumer_suite.test_result_validation.html
=started       2025-11-12 10:06:00
=ended         2025-11-12 10:06:00
=result        ok
=elapsed       0.698832s
=case          router_result_consumer_SUITE:test_malformed_json
=logfile       router_result_consumer_suite.test_malformed_json.html
=started       2025-11-12 10:06:00
=ended         2025-11-12 10:06:01
=result        ok
=elapsed       0.817541s
=case          router_result_consumer_SUITE:test_missing_fields
=logfile       router_result_consumer_suite.test_missing_fields.html
=started       2025-11-12 10:06:01
=ended         2025-11-12 10:06:02
=result        ok
=elapsed       0.609290s
=case          router_result_consumer_SUITE:end_per_suite
=logfile       router_result_consumer_suite.end_per_suite.html
=started       2025-11-12 10:06:02
=ended         2025-11-12 10:06:02
=result        ok
=elapsed       0.008396s
=group_time    4.384s
=== TEST COMPLETE, 6 ok, 0 failed of 6 test cases

=finished      2025-11-12 10:06:02
=failed        0
=successful    6
=user_skipped  0
=auto_skipped  0
=elapsed_time  4486457
