=== Suite started at 2025-11-12 09:29:48
=== Starting test, 1 test cases
=cases         1
=user          rustkas
=host          nohost
=hosts         nohost 
=emulator_vsn  15.2.7.1
=emulator      beam
=otp_release   27
=started       2025-11-12 09:29:48
=case          router_policy_store_prop_SUITE:init_per_suite
=logfile       router_policy_store_prop_suite.init_per_suite.html
=started       2025-11-12 09:29:48
=ended         2025-11-12 09:29:48
=result        ok
=elapsed       0.108353s
=case          router_policy_store_prop_SUITE:prop_list_policies_ordering
=logfile       router_policy_store_prop_suite.prop_list_policies_ordering.html
=started       2025-11-12 09:29:48
=ended         2025-11-12 09:29:49
=result        ok
=elapsed       0.143807s
=case          router_policy_store_prop_SUITE:end_per_suite
=logfile       router_policy_store_prop_suite.end_per_suite.html
=started       2025-11-12 09:29:49
=ended         2025-11-12 09:29:49
=result        ok
=elapsed       0.002182s
=group_time    0.336s
=== TEST COMPLETE, 1 ok, 0 failed of 1 test cases

=finished      2025-11-12 09:29:49
=failed        0
=successful    1
=user_skipped  0
=auto_skipped  0
=elapsed_time  443044
