=== Suite started at 2025-11-12 09:59:00
=== Starting test, 6 test cases
=cases         6
=user          rustkas
=host          nohost
=hosts         nohost 
=emulator_vsn  15.2.7.1
=emulator      beam
=otp_release   27
=started       2025-11-12 09:59:00
=case          router_result_consumer_SUITE:init_per_suite
=logfile       router_result_consumer_suite.init_per_suite.html
=started       2025-11-12 09:59:00
=ended         2025-11-12 09:59:00
=result        ok
=elapsed       0.148312s
=case          router_result_consumer_SUITE:test_result_parsing
=logfile       router_result_consumer_suite.test_result_parsing.html
=started       2025-11-12 09:59:00
=ended         2025-11-12 09:59:01
=result        ok
=elapsed       0.377516s
=case          router_result_consumer_SUITE:test_result_correlation
=logfile       router_result_consumer_suite.test_result_correlation.html
=started       2025-11-12 09:59:01
=ended         2025-11-12 09:59:01
=result        ok
=elapsed       0.239328s
=case          router_result_consumer_SUITE:test_usage_emission
=logfile       router_result_consumer_suite.test_usage_emission.html
=started       2025-11-12 09:59:01
=ended         2025-11-12 09:59:01
=result        ok
=elapsed       0.315416s
=case          router_result_consumer_SUITE:test_result_validation
=logfile       router_result_consumer_suite.test_result_validation.html
=started       2025-11-12 09:59:01
=ended         2025-11-12 09:59:02
=result        ok
=elapsed       0.517656s
=case          router_result_consumer_SUITE:test_malformed_json
=logfile       router_result_consumer_suite.test_malformed_json.html
=started       2025-11-12 09:59:02
=ended         2025-11-12 09:59:02
=result        ok
=elapsed       0.453465s
=case          router_result_consumer_SUITE:test_missing_fields
=logfile       router_result_consumer_suite.test_missing_fields.html
=started       2025-11-12 09:59:02
=ended         2025-11-12 09:59:03
=result        ok
=elapsed       0.453308s
=case          router_result_consumer_SUITE:end_per_suite
=logfile       router_result_consumer_suite.end_per_suite.html
=started       2025-11-12 09:59:03
=ended         2025-11-12 09:59:03
=result        ok
=elapsed       0.001621s
=group_time    2.738s
=== TEST COMPLETE, 6 ok, 0 failed of 6 test cases

=finished      2025-11-12 09:59:03
=failed        0
=successful    6
=user_skipped  0
=auto_skipped  0
=elapsed_time  2826585
