=== Suite started at 2025-11-12 10:05:48
=== Starting test, 6 test cases
=cases         6
=user          rustkas
=host          nohost
=hosts         nohost 
=emulator_vsn  15.2.7.1
=emulator      beam
=otp_release   27
=started       2025-11-12 10:05:48
=case          router_result_consumer_SUITE:init_per_suite
=logfile       router_result_consumer_suite.init_per_suite.html
=started       2025-11-12 10:05:48
=ended         2025-11-12 10:05:48
=result        ok
=elapsed       0.336007s
=case          router_result_consumer_SUITE:test_result_parsing
=logfile       router_result_consumer_suite.test_result_parsing.html
=started       2025-11-12 10:05:48
=ended         2025-11-12 10:05:49
=result        ok
=elapsed       0.515524s
=case          router_result_consumer_SUITE:test_result_correlation
=logfile       router_result_consumer_suite.test_result_correlation.html
=started       2025-11-12 10:05:49
=ended         2025-11-12 10:05:49
=result        ok
=elapsed       0.582725s
=case          router_result_consumer_SUITE:test_usage_emission
=logfile       router_result_consumer_suite.test_usage_emission.html
=started       2025-11-12 10:05:49
=ended         2025-11-12 10:05:50
=result        ok
=elapsed       0.400228s
=case          router_result_consumer_SUITE:test_result_validation
=logfile       router_result_consumer_suite.test_result_validation.html
=started       2025-11-12 10:05:50
=ended         2025-11-12 10:05:50
=result        ok
=elapsed       0.702094s
=case          router_result_consumer_SUITE:test_malformed_json
=logfile       router_result_consumer_suite.test_malformed_json.html
=started       2025-11-12 10:05:50
=ended         2025-11-12 10:05:51
=result        ok
=elapsed       0.708160s
=case          router_result_consumer_SUITE:test_missing_fields
=logfile       router_result_consumer_suite.test_missing_fields.html
=started       2025-11-12 10:05:51
=ended         2025-11-12 10:05:52
=result        ok
=elapsed       0.607634s
=case          router_result_consumer_SUITE:end_per_suite
=logfile       router_result_consumer_suite.end_per_suite.html
=started       2025-11-12 10:05:52
=ended         2025-11-12 10:05:52
=result        ok
=elapsed       0.002098s
=group_time    4.120s
=== TEST COMPLETE, 6 ok, 0 failed of 6 test cases

=finished      2025-11-12 10:05:52
=failed        0
=successful    6
=user_skipped  0
=auto_skipped  0
=elapsed_time  4270478
