=== Suite started at 2025-11-29 18:47:44
=== Starting test, 0 test cases
=cases         0
=user          rustkas
=host          nohost
=hosts         nohost 
=emulator_vsn  15.2.7.1
=emulator      beam
=otp_release   27
=started       2025-11-29 18:47:44
=case          ct_framework:error_in_suite
=logfile       ct_framework.error_in_suite.html
=started       2025-11-29 18:47:44
=ended         2025-11-29 18:47:44
=result        failed: 'router_concurrent_faults_SUITE:all/0 is missing', unknown_location
=elapsed       0.000000s
=== *** FAILED {ct_framework,error_in_suite} ***
=== TEST COMPLETE, 0 ok, 0 failed of 0 test cases

=finished      2025-11-29 18:47:44
=failed        0
=successful    0
=user_skipped  0
=auto_skipped  0
=elapsed_time  62436
