=== Suite started at 2025-11-12 09:48:01
=== Starting test, 6 test cases
=cases         6
=user          rustkas
=host          nohost
=hosts         nohost 
=emulator_vsn  15.2.7.1
=emulator      beam
=otp_release   27
=started       2025-11-12 09:48:01
=case          router_result_consumer_SUITE:init_per_suite
=logfile       router_result_consumer_suite.init_per_suite.html
=started       2025-11-12 09:48:01
=ended         2025-11-12 09:48:02
=result        ok
=elapsed       0.112593s
=case          router_result_consumer_SUITE:test_result_parsing
=logfile       router_result_consumer_suite.test_result_parsing.html
=started       2025-11-12 09:48:02
=ended         2025-11-12 09:48:02
=result        ok
=elapsed       0.305985s
=case          router_result_consumer_SUITE:test_result_correlation
=logfile       router_result_consumer_suite.test_result_correlation.html
=started       2025-11-12 09:48:02
=ended         2025-11-12 09:48:02
=result        ok
=elapsed       0.287945s
=case          router_result_consumer_SUITE:test_usage_emission
=logfile       router_result_consumer_suite.test_usage_emission.html
=started       2025-11-12 09:48:02
=ended         2025-11-12 09:48:03
=result        ok
=elapsed       0.282549s
=case          router_result_consumer_SUITE:test_result_validation
=logfile       router_result_consumer_suite.test_result_validation.html
=started       2025-11-12 09:48:03
=ended         2025-11-12 09:48:03
=result        ok
=elapsed       0.486728s
=case          router_result_consumer_SUITE:test_malformed_json
=logfile       router_result_consumer_suite.test_malformed_json.html
=started       2025-11-12 09:48:03
=ended         2025-11-12 09:48:04
=result        ok
=elapsed       0.520116s
=case          router_result_consumer_SUITE:test_missing_fields
=logfile       router_result_consumer_suite.test_missing_fields.html
=started       2025-11-12 09:48:04
=ended         2025-11-12 09:48:04
=result        ok
=elapsed       0.436107s
=case          router_result_consumer_SUITE:end_per_suite
=logfile       router_result_consumer_suite.end_per_suite.html
=started       2025-11-12 09:48:04
=ended         2025-11-12 09:48:04
=result        ok
=elapsed       0.001453s
=group_time    2.678s
=== TEST COMPLETE, 6 ok, 0 failed of 6 test cases

=finished      2025-11-12 09:48:04
=failed        0
=successful    6
=user_skipped  0
=auto_skipped  0
=elapsed_time  2758499
