=== Suite started at 2025-11-12 10:01:25
=== Starting test, 6 test cases
=cases         6
=user          rustkas
=host          nohost
=hosts         nohost 
=emulator_vsn  15.2.7.1
=emulator      beam
=otp_release   27
=started       2025-11-12 10:01:25
=case          router_result_consumer_SUITE:init_per_suite
=logfile       router_result_consumer_suite.init_per_suite.html
=started       2025-11-12 10:01:25
=ended         2025-11-12 10:01:25
=result        ok
=elapsed       0.124363s
=case          router_result_consumer_SUITE:test_result_parsing
=logfile       router_result_consumer_suite.test_result_parsing.html
=started       2025-11-12 10:01:25
=ended         2025-11-12 10:01:26
=result        ok
=elapsed       0.498971s
=case          router_result_consumer_SUITE:test_result_correlation
=logfile       router_result_consumer_suite.test_result_correlation.html
=started       2025-11-12 10:01:26
=ended         2025-11-12 10:01:26
=result        ok
=elapsed       0.452983s
=case          router_result_consumer_SUITE:test_usage_emission
=logfile       router_result_consumer_suite.test_usage_emission.html
=started       2025-11-12 10:01:26
=ended         2025-11-12 10:01:27
=result        ok
=elapsed       0.356309s
=case          router_result_consumer_SUITE:test_result_validation
=logfile       router_result_consumer_suite.test_result_validation.html
=started       2025-11-12 10:01:27
=ended         2025-11-12 10:01:27
=result        ok
=elapsed       0.604557s
=case          router_result_consumer_SUITE:test_malformed_json
=logfile       router_result_consumer_suite.test_malformed_json.html
=started       2025-11-12 10:01:27
=ended         2025-11-12 10:01:28
=result        failed: {badarg,
                           [{jsx_decoder,object,4,
                                [{file,
                                     "/home/rustkas/aigroup/apps/otp/router/_build/default/lib/jsx/src/jsx_decoder.erl"},
                                 {line,262}]},
                            {router_result_consumer,
                                handle_result_message_internal,4,
                                [{file,
                                     "/home/rustkas/aigroup/apps/otp/router/src/router_result_consumer.erl"},
                                 {line,154}]},
                            {router_result_consumer,handle_info,2,
                                [{file,
                                     "/home/rustkas/aigroup/apps/otp/router/src/router_result_consumer.erl"},
                                 {line,98}]},
                            {router_result_consumer_SUITE,
                                test_malformed_json,1,
                                [{file,
                                     "/home/rustkas/aigroup/apps/otp/router/test/router_result_consumer_SUITE.erl"},
                                 {line,301}]},
                            {test_server,ts_tc,3,
                                [{file,"test_server.erl"},{line,1794}]},
                            {test_server,run_test_case_eval1,6,
                                [{file,"test_server.erl"},{line,1303}]},
                            {test_server,run_test_case_eval,9,
                                [{file,"test_server.erl"},{line,1235}]}]}, [{jsx_decoder,
                                                                             object,
                                                                             262},
                                                                            {router_result_consumer,
                                                                             handle_result_message_internal,
                                                                             154},
                                                                            {router_result_consumer,
                                                                             handle_info,
                                                                             98},
                                                                            {router_result_consumer_SUITE,
                                                                             test_malformed_json,
                                                                             301},
                                                                            {test_server,
                                                                             ts_tc,
                                                                             1794},
                                                                            {test_server,
                                                                             run_test_case_eval1,
                                                                             1303},
                                                                            {test_server,
                                                                             run_test_case_eval,
                                                                             1235}]
=elapsed       0.365393s
=== *** FAILED test case 5 of 6 ***
=case          router_result_consumer_SUITE:test_missing_fields
=logfile       router_result_consumer_suite.test_missing_fields.html
=started       2025-11-12 10:01:28
=ended         2025-11-12 10:01:28
=result        ok
=elapsed       0.582470s
=case          router_result_consumer_SUITE:end_per_suite
=logfile       router_result_consumer_suite.end_per_suite.html
=started       2025-11-12 10:01:28
=ended         2025-11-12 10:01:28
=result        ok
=elapsed       0.001682s
=group_time    3.215s
=== TEST COMPLETE, 5 ok, 1 failed of 6 test cases

=finished      2025-11-12 10:01:28
=failed        1
=successful    5
=user_skipped  0
=auto_skipped  0
=elapsed_time  3321440
