=== Suite started at 2025-11-12 09:28:02
=== Starting test, 4 test cases
=cases         4
=user          rustkas
=host          nohost
=hosts         nohost 
=emulator_vsn  15.2.7.1
=emulator      beam
=otp_release   27
=started       2025-11-12 09:28:02
=case          router_policy_store_prop_SUITE:init_per_suite
=logfile       router_policy_store_prop_suite.init_per_suite.html
=started       2025-11-12 09:28:02
=ended         2025-11-12 09:28:03
=result        ok
=elapsed       0.114679s
=case          router_policy_store_prop_SUITE:prop_concurrent_operations
=logfile       router_policy_store_prop_suite.prop_concurrent_operations.html
=started       2025-11-12 09:28:03
=ended         2025-11-12 09:28:03
=result        ok
=elapsed       0.117305s
=case          router_policy_store_prop_SUITE:prop_upsert_delete_consistency
=logfile       router_policy_store_prop_suite.prop_upsert_delete_consistency.html
=started       2025-11-12 09:28:03
=ended         2025-11-12 09:28:03
=result        ok
=elapsed       0.188083s
=case          router_policy_store_prop_SUITE:prop_list_policies_ordering
=logfile       router_policy_store_prop_suite.prop_list_policies_ordering.html
=started       2025-11-12 09:28:03
=ended         2025-11-12 09:28:03
=result        failed: {test_case_failed,"Property failed"}, [{test_server,
                                                               ts_tc,1794},
                                                              {test_server,
                                                               run_test_case_eval1,
                                                               1303},
                                                              {test_server,
                                                               run_test_case_eval,
                                                               1235}]
=elapsed       0.004091s
=== *** FAILED test case 3 of 4 ***
=case          router_policy_store_prop_SUITE:prop_index_consistency
=logfile       router_policy_store_prop_suite.prop_index_consistency.html
=started       2025-11-12 09:28:03
=ended         2025-11-12 09:28:03
=result        ok
=elapsed       0.179467s
=case          router_policy_store_prop_SUITE:end_per_suite
=logfile       router_policy_store_prop_suite.end_per_suite.html
=started       2025-11-12 09:28:03
=ended         2025-11-12 09:28:03
=result        ok
=elapsed       0.006758s
=group_time    0.761s
=== TEST COMPLETE, 3 ok, 1 failed of 4 test cases

=finished      2025-11-12 09:28:03
=failed        1
=successful    3
=user_skipped  0
=auto_skipped  0
=elapsed_time  835700
