=== Suite started at 2025-11-12 10:05:02
=== Starting test, 6 test cases
=cases         6
=user          rustkas
=host          nohost
=hosts         nohost 
=emulator_vsn  15.2.7.1
=emulator      beam
=otp_release   27
=started       2025-11-12 10:05:02
=case          router_result_consumer_SUITE:init_per_suite
=logfile       router_result_consumer_suite.init_per_suite.html
=started       2025-11-12 10:05:02
=ended         2025-11-12 10:05:03
=result        ok
=elapsed       0.389306s
=case          router_result_consumer_SUITE:test_result_parsing
=logfile       router_result_consumer_suite.test_result_parsing.html
=started       2025-11-12 10:05:03
=ended         2025-11-12 10:05:03
=result        ok
=elapsed       0.660766s
=case          router_result_consumer_SUITE:test_result_correlation
=logfile       router_result_consumer_suite.test_result_correlation.html
=started       2025-11-12 10:05:03
=ended         2025-11-12 10:05:04
=result        ok
=elapsed       0.654688s
=case          router_result_consumer_SUITE:test_usage_emission
=logfile       router_result_consumer_suite.test_usage_emission.html
=started       2025-11-12 10:05:04
=ended         2025-11-12 10:05:05
=result        ok
=elapsed       0.791719s
=case          router_result_consumer_SUITE:test_result_validation
=logfile       router_result_consumer_suite.test_result_validation.html
=started       2025-11-12 10:05:05
=ended         2025-11-12 10:05:06
=result        ok
=elapsed       0.898607s
=case          router_result_consumer_SUITE:test_malformed_json
=logfile       router_result_consumer_suite.test_malformed_json.html
=started       2025-11-12 10:05:06
=ended         2025-11-12 10:05:07
=result        ok
=elapsed       0.584568s
=case          router_result_consumer_SUITE:test_missing_fields
=logfile       router_result_consumer_suite.test_missing_fields.html
=started       2025-11-12 10:05:07
=ended         2025-11-12 10:05:07
=result        ok
=elapsed       0.624003s
=case          router_result_consumer_SUITE:end_per_suite
=logfile       router_result_consumer_suite.end_per_suite.html
=started       2025-11-12 10:05:07
=ended         2025-11-12 10:05:07
=result        ok
=elapsed       0.012586s
=group_time    4.897s
=== TEST COMPLETE, 6 ok, 0 failed of 6 test cases

=finished      2025-11-12 10:05:07
=failed        0
=successful    6
=user_skipped  0
=auto_skipped  0
=elapsed_time  5357196
