=== Suite started at 2025-11-12 10:38:08
=== Starting test, 4 test cases
=cases         4
=user          rustkas
=host          nohost
=hosts         nohost 
=emulator_vsn  15.2.7.1
=emulator      beam
=otp_release   27
=started       2025-11-12 10:38:08
=case          router_normalize_boolean_prop_SUITE:init_per_suite
=logfile       router_normalize_boolean_prop_suite.init_per_suite.html
=started       2025-11-12 10:38:08
=ended         2025-11-12 10:38:08
=result        ok
=elapsed       0.268546s
=case          router_normalize_boolean_prop_SUITE:prop_normalize_boolean_boolean
=logfile       router_normalize_boolean_prop_suite.prop_normalize_boolean_boolean.html
=started       2025-11-12 10:38:08
=ended         2025-11-12 10:38:08
=result        auto_skipped: {testcase0_failed,bad_return_value}
=elapsed       0.000000s
=== *** SKIPPED test case 1 of 4 ***
=case          router_normalize_boolean_prop_SUITE:prop_normalize_boolean_binary
=logfile       router_normalize_boolean_prop_suite.prop_normalize_boolean_binary.html
=started       2025-11-12 10:38:08
=ended         2025-11-12 10:38:08
=result        auto_skipped: {testcase0_failed,bad_return_value}
=elapsed       0.000000s
=== *** SKIPPED test case 2 of 4 ***
=case          router_normalize_boolean_prop_SUITE:prop_normalize_boolean_integer
=logfile       router_normalize_boolean_prop_suite.prop_normalize_boolean_integer.html
=started       2025-11-12 10:38:08
=ended         2025-11-12 10:38:08
=result        auto_skipped: {testcase0_failed,bad_return_value}
=elapsed       0.000000s
=== *** SKIPPED test case 3 of 4 ***
=case          router_normalize_boolean_prop_SUITE:prop_normalize_boolean_unknown
=logfile       router_normalize_boolean_prop_suite.prop_normalize_boolean_unknown.html
=started       2025-11-12 10:38:08
=ended         2025-11-12 10:38:08
=result        auto_skipped: {testcase0_failed,bad_return_value}
=elapsed       0.000000s
=== *** SKIPPED test case 4 of 4 ***
=case          router_normalize_boolean_prop_SUITE:end_per_suite
=logfile       router_normalize_boolean_prop_suite.end_per_suite.html
=started       2025-11-12 10:38:08
=ended         2025-11-12 10:38:08
=result        ok
=elapsed       0.001996s
=group_time    0.421s
=== TEST COMPLETE, 0 ok, 0 failed, 4 skipped of 4 test cases

=finished      2025-11-12 10:38:08
=failed        0
=successful    0
=user_skipped  0
=auto_skipped  4
=elapsed_time  469192
