=== Suite started at 2025-11-12 11:40:16
=== Starting test, 5 test cases
=cases         5
=user          rustkas
=host          nohost
=hosts         nohost 
=emulator_vsn  15.2.7.1
=emulator      beam
=otp_release   27
=started       2025-11-12 11:40:17
=case          router_policy_store_prop_SUITE:init_per_suite
=logfile       router_policy_store_prop_suite.init_per_suite.html
=started       2025-11-12 11:40:17
=ended         2025-11-12 11:40:17
=result        ok
=elapsed       0.314133s
=case          router_policy_store_prop_SUITE:prop_concurrent_operations
=logfile       router_policy_store_prop_suite.prop_concurrent_operations.html
=started       2025-11-12 11:40:17
=ended         2025-11-12 11:40:17
=result        ok
=elapsed       0.176033s
=case          router_policy_store_prop_SUITE:prop_upsert_delete_consistency
=logfile       router_policy_store_prop_suite.prop_upsert_delete_consistency.html
=started       2025-11-12 11:40:17
=ended         2025-11-12 11:40:17
=result        ok
=elapsed       0.150216s
=case          router_policy_store_prop_SUITE:prop_list_policies_ordering
=logfile       router_policy_store_prop_suite.prop_list_policies_ordering.html
=started       2025-11-12 11:40:17
=ended         2025-11-12 11:40:17
=result        ok
=elapsed       0.071402s
=case          router_policy_store_prop_SUITE:prop_index_consistency
=logfile       router_policy_store_prop_suite.prop_index_consistency.html
=started       2025-11-12 11:40:17
=ended         2025-11-12 11:40:18
=result        ok
=elapsed       0.221055s
=case          router_policy_store_prop_SUITE:prop_index_deduplication
=logfile       router_policy_store_prop_suite.prop_index_deduplication.html
=started       2025-11-12 11:40:18
=ended         2025-11-12 11:40:18
=result        failed: {test_case_failed,"Property failed"}, [{test_server,
                                                               ts_tc,1794},
                                                              {test_server,
                                                               run_test_case_eval1,
                                                               1303},
                                                              {test_server,
                                                               run_test_case_eval,
                                                               1235}]
=elapsed       0.002781s
=== *** FAILED test case 5 of 5 ***
=case          router_policy_store_prop_SUITE:end_per_suite
=logfile       router_policy_store_prop_suite.end_per_suite.html
=started       2025-11-12 11:40:18
=ended         2025-11-12 11:40:18
=result        ok
=elapsed       0.006607s
=group_time    1.149s
=== TEST COMPLETE, 4 ok, 1 failed of 5 test cases

=finished      2025-11-12 11:40:18
=failed        1
=successful    4
=user_skipped  0
=auto_skipped  0
=elapsed_time  1296082
