=== Suite started at 2025-11-12 09:46:11
=== Starting test, 6 test cases
=cases         6
=user          rustkas
=host          nohost
=hosts         nohost 
=emulator_vsn  15.2.7.1
=emulator      beam
=otp_release   27
=started       2025-11-12 09:46:11
=case          router_result_consumer_SUITE:init_per_suite
=logfile       router_result_consumer_suite.init_per_suite.html
=started       2025-11-12 09:46:12
=ended         2025-11-12 09:46:12
=result        ok
=elapsed       0.200069s
=case          router_result_consumer_SUITE:test_result_parsing
=logfile       router_result_consumer_suite.test_result_parsing.html
=started       2025-11-12 09:46:12
=ended         2025-11-12 09:46:13
=result        ok
=elapsed       0.798190s
=case          router_result_consumer_SUITE:test_result_correlation
=logfile       router_result_consumer_suite.test_result_correlation.html
=started       2025-11-12 09:46:13
=ended         2025-11-12 09:46:14
=result        failed: {badarg,
                           [{erlang,length,
                                ['_'],
                                [{error_info,#{module => erl_erts_errors}}]},
                            {router_result_consumer_SUITE,wait_for_meck_call,
                                5,
                                [{file,
                                     "/home/rustkas/aigroup/apps/otp/router/test/router_result_consumer_SUITE.erl"},
                                 {line,100}]},
                            {router_result_consumer_SUITE,
                                test_result_correlation,1,
                                [{file,
                                     "/home/rustkas/aigroup/apps/otp/router/test/router_result_consumer_SUITE.erl"},
                                 {line,189}]},
                            {test_server,ts_tc,3,
                                [{file,"test_server.erl"},{line,1794}]},
                            {test_server,run_test_case_eval1,6,
                                [{file,"test_server.erl"},{line,1303}]},
                            {test_server,run_test_case_eval,9,
                                [{file,"test_server.erl"},{line,1235}]}]}, [{erlang,
                                                                             length},
                                                                            {router_result_consumer_SUITE,
                                                                             wait_for_meck_call,
                                                                             100},
                                                                            {router_result_consumer_SUITE,
                                                                             test_result_correlation,
                                                                             189},
                                                                            {test_server,
                                                                             ts_tc,
                                                                             1794},
                                                                            {test_server,
                                                                             run_test_case_eval1,
                                                                             1303},
                                                                            {test_server,
                                                                             run_test_case_eval,
                                                                             1235}]
=elapsed       1.467320s
=== *** FAILED test case 2 of 6 ***
=case          router_result_consumer_SUITE:test_usage_emission
=logfile       router_result_consumer_suite.test_usage_emission.html
=started       2025-11-12 09:46:14
=ended         2025-11-12 09:46:14
=result        ok
=elapsed       0.294467s
=case          router_result_consumer_SUITE:test_result_validation
=logfile       router_result_consumer_suite.test_result_validation.html
=started       2025-11-12 09:46:14
=ended         2025-11-12 09:46:15
=result        ok
=elapsed       0.495234s
=case          router_result_consumer_SUITE:test_malformed_json
=logfile       router_result_consumer_suite.test_malformed_json.html
=started       2025-11-12 09:46:15
=ended         2025-11-12 09:46:15
=result        ok
=elapsed       0.456075s
=case          router_result_consumer_SUITE:test_missing_fields
=logfile       router_result_consumer_suite.test_missing_fields.html
=started       2025-11-12 09:46:15
=ended         2025-11-12 09:46:16
=result        ok
=elapsed       0.435782s
=case          router_result_consumer_SUITE:end_per_suite
=logfile       router_result_consumer_suite.end_per_suite.html
=started       2025-11-12 09:46:16
=ended         2025-11-12 09:46:16
=result        ok
=elapsed       0.001390s
=group_time    4.447s
=== TEST COMPLETE, 5 ok, 1 failed of 6 test cases

=finished      2025-11-12 09:46:16
=failed        1
=successful    5
=user_skipped  0
=auto_skipped  0
=elapsed_time  4541179
