=== Suite started at 2025-11-12 09:30:07
=== Starting test, 13 test cases
=cases         13
=user          rustkas
=host          nohost
=hosts         nohost 
=emulator_vsn  15.2.7.1
=emulator      beam
=otp_release   27
=started       2025-11-12 09:30:07
=case          router_admin_grpc_integration_SUITE:init_per_suite
=logfile       router_admin_grpc_integration_suite.init_per_suite.html
=started       2025-11-12 09:30:07
=ended         2025-11-12 09:30:08
=result        ok
=elapsed       1.182954s
=case          router_admin_grpc_integration_SUITE:test_upsert_policy_success
=logfile       router_admin_grpc_integration_suite.test_upsert_policy_success.html
=started       2025-11-12 09:30:08
=ended         2025-11-12 09:30:08
=result        ok
=elapsed       0.004438s
=case          router_admin_grpc_integration_SUITE:test_upsert_policy_invalid_weights
=logfile       router_admin_grpc_integration_suite.test_upsert_policy_invalid_weights.html
=started       2025-11-12 09:30:08
=ended         2025-11-12 09:30:08
=result        ok
=elapsed       0.000042s
=case          router_admin_grpc_integration_SUITE:test_upsert_policy_unauthorized
=logfile       router_admin_grpc_integration_suite.test_upsert_policy_unauthorized.html
=started       2025-11-12 09:30:08
=ended         2025-11-12 09:30:08
=result        ok
=elapsed       0.000084s
=case          router_admin_grpc_integration_SUITE:test_upsert_policy_invalid_key
=logfile       router_admin_grpc_integration_suite.test_upsert_policy_invalid_key.html
=started       2025-11-12 09:30:08
=ended         2025-11-12 09:30:08
=result        ok
=elapsed       0.000012s
=case          router_admin_grpc_integration_SUITE:test_upsert_policy_invalid_format
=logfile       router_admin_grpc_integration_suite.test_upsert_policy_invalid_format.html
=started       2025-11-12 09:30:08
=ended         2025-11-12 09:30:08
=result        ok
=elapsed       0.000101s
=case          router_admin_grpc_integration_SUITE:test_delete_policy_success
=logfile       router_admin_grpc_integration_suite.test_delete_policy_success.html
=started       2025-11-12 09:30:08
=ended         2025-11-12 09:30:08
=result        ok
=elapsed       0.000076s
=case          router_admin_grpc_integration_SUITE:test_delete_policy_not_found
=logfile       router_admin_grpc_integration_suite.test_delete_policy_not_found.html
=started       2025-11-12 09:30:08
=ended         2025-11-12 09:30:08
=result        ok
=elapsed       0.000025s
=case          router_admin_grpc_integration_SUITE:test_get_policy_success
=logfile       router_admin_grpc_integration_suite.test_get_policy_success.html
=started       2025-11-12 09:30:08
=ended         2025-11-12 09:30:08
=result        ok
=elapsed       0.000104s
=case          router_admin_grpc_integration_SUITE:test_get_policy_not_found
=logfile       router_admin_grpc_integration_suite.test_get_policy_not_found.html
=started       2025-11-12 09:30:08
=ended         2025-11-12 09:30:08
=result        ok
=elapsed       0.000374s
=case          router_admin_grpc_integration_SUITE:test_list_policies_success
=logfile       router_admin_grpc_integration_suite.test_list_policies_success.html
=started       2025-11-12 09:30:08
=ended         2025-11-12 09:30:08
=result        ok
=elapsed       0.000088s
=case          router_admin_grpc_integration_SUITE:test_upsert_and_decide_integration
=logfile       router_admin_grpc_integration_suite.test_upsert_and_decide_integration.html
=started       2025-11-12 09:30:08
=ended         2025-11-12 09:30:09
=result        ok
=elapsed       0.003871s
=case          router_admin_grpc_integration_SUITE:test_delete_and_decide_integration
=logfile       router_admin_grpc_integration_suite.test_delete_and_decide_integration.html
=started       2025-11-12 09:30:09
=ended         2025-11-12 09:30:09
=result        ok
=elapsed       0.000127s
=case          router_admin_grpc_integration_SUITE:test_admin_telemetry_correlation_id
=logfile       router_admin_grpc_integration_suite.test_admin_telemetry_correlation_id.html
=started       2025-11-12 09:30:09
=ended         2025-11-12 09:30:09
=result        ok
=elapsed       0.000264s
=case          router_admin_grpc_integration_SUITE:end_per_suite
=logfile       router_admin_grpc_integration_suite.end_per_suite.html
=started       2025-11-12 09:30:09
=ended         2025-11-12 09:30:09
=result        ok
=elapsed       0.010045s
=group_time    1.620s
=== TEST COMPLETE, 13 ok, 0 failed of 13 test cases

=finished      2025-11-12 09:30:09
=failed        0
=successful    13
=user_skipped  0
=auto_skipped  0
=elapsed_time  1718863
