=== Suite started at 2025-11-12 09:46:45
=== Starting test, 6 test cases
=cases         6
=user          rustkas
=host          nohost
=hosts         nohost 
=emulator_vsn  15.2.7.1
=emulator      beam
=otp_release   27
=started       2025-11-12 09:46:45
=case          router_result_consumer_SUITE:init_per_suite
=logfile       router_result_consumer_suite.init_per_suite.html
=started       2025-11-12 09:46:45
=ended         2025-11-12 09:46:45
=result        ok
=elapsed       0.192260s
=case          router_result_consumer_SUITE:test_result_parsing
=logfile       router_result_consumer_suite.test_result_parsing.html
=started       2025-11-12 09:46:45
=ended         2025-11-12 09:46:46
=result        ok
=elapsed       0.357302s
=case          router_result_consumer_SUITE:test_result_correlation
=logfile       router_result_consumer_suite.test_result_correlation.html
=started       2025-11-12 09:46:46
=ended         2025-11-12 09:46:47
=result        failed: {test_case_failed,
                           "Timeout waiting for router_nats:publish to be called"}, [{router_result_consumer_SUITE,
                                                                                      test_result_correlation,
                                                                                      196},
                                                                                     {test_server,
                                                                                      ts_tc,
                                                                                      1794},
                                                                                     {test_server,
                                                                                      run_test_case_eval1,
                                                                                      1303},
                                                                                     {test_server,
                                                                                      run_test_case_eval,
                                                                                      1235}]
=elapsed       1.554689s
=== *** FAILED test case 2 of 6 ***
=case          router_result_consumer_SUITE:test_usage_emission
=logfile       router_result_consumer_suite.test_usage_emission.html
=started       2025-11-12 09:46:48
=ended         2025-11-12 09:46:48
=result        ok
=elapsed       0.333537s
=case          router_result_consumer_SUITE:test_result_validation
=logfile       router_result_consumer_suite.test_result_validation.html
=started       2025-11-12 09:46:48
=ended         2025-11-12 09:46:48
=result        ok
=elapsed       0.563966s
=case          router_result_consumer_SUITE:test_malformed_json
=logfile       router_result_consumer_suite.test_malformed_json.html
=started       2025-11-12 09:46:48
=ended         2025-11-12 09:46:49
=result        ok
=elapsed       0.436423s
=case          router_result_consumer_SUITE:test_missing_fields
=logfile       router_result_consumer_suite.test_missing_fields.html
=started       2025-11-12 09:46:49
=ended         2025-11-12 09:46:49
=result        ok
=elapsed       0.453578s
=case          router_result_consumer_SUITE:end_per_suite
=logfile       router_result_consumer_suite.end_per_suite.html
=started       2025-11-12 09:46:49
=ended         2025-11-12 09:46:49
=result        ok
=elapsed       0.001719s
=group_time    4.146s
=== TEST COMPLETE, 5 ok, 1 failed of 6 test cases

=finished      2025-11-12 09:46:49
=failed        1
=successful    5
=user_skipped  0
=auto_skipped  0
=elapsed_time  4237893
