=== Suite started at 2025-11-12 09:24:25
=== Starting test, 4 test cases
=cases         4
=user          rustkas
=host          nohost
=hosts         nohost 
=emulator_vsn  15.2.7.1
=emulator      beam
=otp_release   27
=started       2025-11-12 09:24:25
=case          router_core_telemetry_contract_SUITE:init_per_suite
=logfile       router_core_telemetry_contract_suite.init_per_suite.html
=started       2025-11-12 09:24:25
=ended         2025-11-12 09:24:25
=result        ok
=elapsed       0.334104s
=case          router_core_telemetry_contract_SUITE:test_route_returns_tuple_with_metadata
=logfile       router_core_telemetry_contract_suite.test_route_returns_tuple_with_metadata.html
=started       2025-11-12 09:24:25
=ended         2025-11-12 09:24:25
=result        ok
=elapsed       0.002963s
=case          router_core_telemetry_contract_SUITE:test_route_telemetry_stop_event_no_exception
=logfile       router_core_telemetry_contract_suite.test_route_telemetry_stop_event_no_exception.html
=started       2025-11-12 09:24:25
=ended         2025-11-12 09:24:26
=result        ok
=elapsed       0.201142s
=case          router_core_telemetry_contract_SUITE:test_route_error_returns_correct_format
=logfile       router_core_telemetry_contract_suite.test_route_error_returns_correct_format.html
=started       2025-11-12 09:24:26
=ended         2025-11-12 09:24:26
=result        ok
=elapsed       0.000018s
=case          router_core_telemetry_contract_SUITE:test_route_success_returns_correct_format
=logfile       router_core_telemetry_contract_suite.test_route_success_returns_correct_format.html
=started       2025-11-12 09:24:26
=ended         2025-11-12 09:24:26
=result        ok
=elapsed       0.000056s
=case          router_core_telemetry_contract_SUITE:end_per_suite
=logfile       router_core_telemetry_contract_suite.end_per_suite.html
=started       2025-11-12 09:24:26
=ended         2025-11-12 09:24:26
=result        ok
=elapsed       0.010185s
=group_time    0.687s
=== TEST COMPLETE, 4 ok, 0 failed of 4 test cases

=finished      2025-11-12 09:24:26
=failed        0
=successful    4
=user_skipped  0
=auto_skipped  0
=elapsed_time  773491
