=== Suite started at 2025-11-12 11:40:45
=== Starting test, 5 test cases
=cases         5
=user          rustkas
=host          nohost
=hosts         nohost 
=emulator_vsn  15.2.7.1
=emulator      beam
=otp_release   27
=started       2025-11-12 11:40:45
=case          router_policy_store_prop_SUITE:init_per_suite
=logfile       router_policy_store_prop_suite.init_per_suite.html
=started       2025-11-12 11:40:45
=ended         2025-11-12 11:40:46
=result        ok
=elapsed       1.089245s
=case          router_policy_store_prop_SUITE:prop_concurrent_operations
=logfile       router_policy_store_prop_suite.prop_concurrent_operations.html
=started       2025-11-12 11:40:46
=ended         2025-11-12 11:40:47
=result        ok
=elapsed       0.834503s
=case          router_policy_store_prop_SUITE:prop_upsert_delete_consistency
=logfile       router_policy_store_prop_suite.prop_upsert_delete_consistency.html
=started       2025-11-12 11:40:47
=ended         2025-11-12 11:40:48
=result        ok
=elapsed       0.709048s
=case          router_policy_store_prop_SUITE:prop_list_policies_ordering
=logfile       router_policy_store_prop_suite.prop_list_policies_ordering.html
=started       2025-11-12 11:40:48
=ended         2025-11-12 11:40:49
=result        ok
=elapsed       0.469804s
=case          router_policy_store_prop_SUITE:prop_index_consistency
=logfile       router_policy_store_prop_suite.prop_index_consistency.html
=started       2025-11-12 11:40:49
=ended         2025-11-12 11:40:50
=result        ok
=elapsed       0.822670s
=case          router_policy_store_prop_SUITE:prop_index_deduplication
=logfile       router_policy_store_prop_suite.prop_index_deduplication.html
=started       2025-11-12 11:40:50
=ended         2025-11-12 11:40:50
=result        failed: {test_case_failed,"Property failed"}, [{test_server,
                                                               ts_tc,1794},
                                                              {test_server,
                                                               run_test_case_eval1,
                                                               1303},
                                                              {test_server,
                                                               run_test_case_eval,
                                                               1235}]
=elapsed       0.032559s
=== *** FAILED test case 5 of 5 ***
=case          router_policy_store_prop_SUITE:end_per_suite
=logfile       router_policy_store_prop_suite.end_per_suite.html
=started       2025-11-12 11:40:50
=ended         2025-11-12 11:40:50
=result        ok
=elapsed       0.015157s
=group_time    4.593s
=== TEST COMPLETE, 4 ok, 1 failed of 5 test cases

=finished      2025-11-12 11:40:50
=failed        1
=successful    4
=user_skipped  0
=auto_skipped  0
=elapsed_time  5455259
