=== Suite started at 2025-11-12 10:05:20
=== Starting test, 6 test cases
=cases         6
=user          rustkas
=host          nohost
=hosts         nohost 
=emulator_vsn  15.2.7.1
=emulator      beam
=otp_release   27
=started       2025-11-12 10:05:20
=case          router_result_consumer_SUITE:init_per_suite
=logfile       router_result_consumer_suite.init_per_suite.html
=started       2025-11-12 10:05:20
=ended         2025-11-12 10:05:20
=result        ok
=elapsed       0.285767s
=case          router_result_consumer_SUITE:test_result_parsing
=logfile       router_result_consumer_suite.test_result_parsing.html
=started       2025-11-12 10:05:21
=ended         2025-11-12 10:05:21
=result        ok
=elapsed       0.666450s
=case          router_result_consumer_SUITE:test_result_correlation
=logfile       router_result_consumer_suite.test_result_correlation.html
=started       2025-11-12 10:05:21
=ended         2025-11-12 10:05:22
=result        ok
=elapsed       0.405004s
=case          router_result_consumer_SUITE:test_usage_emission
=logfile       router_result_consumer_suite.test_usage_emission.html
=started       2025-11-12 10:05:22
=ended         2025-11-12 10:05:22
=result        ok
=elapsed       0.449649s
=case          router_result_consumer_SUITE:test_result_validation
=logfile       router_result_consumer_suite.test_result_validation.html
=started       2025-11-12 10:05:22
=ended         2025-11-12 10:05:23
=result        ok
=elapsed       0.571844s
=case          router_result_consumer_SUITE:test_malformed_json
=logfile       router_result_consumer_suite.test_malformed_json.html
=started       2025-11-12 10:05:23
=ended         2025-11-12 10:05:23
=result        ok
=elapsed       0.628956s
=case          router_result_consumer_SUITE:test_missing_fields
=logfile       router_result_consumer_suite.test_missing_fields.html
=started       2025-11-12 10:05:23
=ended         2025-11-12 10:05:24
=result        ok
=elapsed       0.635482s
=case          router_result_consumer_SUITE:end_per_suite
=logfile       router_result_consumer_suite.end_per_suite.html
=started       2025-11-12 10:05:24
=ended         2025-11-12 10:05:24
=result        ok
=elapsed       0.002252s
=group_time    3.923s
=== TEST COMPLETE, 6 ok, 0 failed of 6 test cases

=finished      2025-11-12 10:05:24
=failed        0
=successful    6
=user_skipped  0
=auto_skipped  0
=elapsed_time  4022167
